2026-04-05 21:19:07,916 - INFO - Initializing NSE session cookies...
2026-04-05 21:19:08,013 - INFO - ================================================================================
2026-04-05 21:19:08,014 - INFO - NIFTY/SENSEX WEEKLY OPTIONS LOADER - DAY 1 MORNING 5-STEP PROCESS
2026-04-05 21:19:08,014 - INFO - ================================================================================
2026-04-05 21:19:08,014 - INFO - Date range: 2024-10-30 to 2024-11-29
2026-04-05 21:19:08,014 - INFO - Symbols: ['NIFTY', 'SENSEX']
2026-04-05 21:19:08,014 - INFO - DTE range: 1-7
2026-04-05 21:19:08,014 - INFO - Moneyness: 1.5%-4.5%
2026-04-05 21:19:08,014 - INFO - Risk-free rate: 6.5%
2026-04-05 21:19:08,014 - INFO - ================================================================================
2026-04-05 21:19:08,078 - INFO -  Connected to nifty_sensex_options@localhost
2026-04-05 21:19:08,078 - INFO - 
================================================================================
2026-04-05 21:19:08,078 - INFO - PROCESSING: 2024-10-30 (Wednesday)
2026-04-05 21:19:08,078 - INFO - ================================================================================
2026-04-05 21:19:08,078 - INFO - Downloading: 2024-10-30 (https://nsearchives.nseindia.com/content/historical/DERIVATIVES/2024/OCT/fo30OCT2024bhav.csv.zip)
2026-04-05 21:19:08,485 - WARNING -   [SKIP] Failed for 2024-10-30: 404 Not Found (Likely a holiday)
2026-04-05 21:19:08,986 - INFO - 
================================================================================
2026-04-05 21:19:08,986 - INFO - PROCESSING: 2024-10-31 (Thursday)
2026-04-05 21:19:08,986 - INFO - ================================================================================
2026-04-05 21:19:08,986 - INFO - Downloading: 2024-10-31 (https://nsearchives.nseindia.com/content/historical/DERIVATIVES/2024/OCT/fo31OCT2024bhav.csv.zip)
2026-04-05 21:19:09,062 - WARNING -   [SKIP] Failed for 2024-10-31: 404 Not Found (Likely a holiday)
2026-04-05 21:19:09,563 - INFO - 
================================================================================
2026-04-05 21:19:09,563 - INFO - PROCESSING: 2024-11-01 (Friday)
2026-04-05 21:19:09,563 - INFO - ================================================================================
2026-04-05 21:19:09,563 - INFO - Downloading: 2024-11-01 (https://nsearchives.nseindia.com/content/historical/DERIVATIVES/2024/NOV/fo01NOV2024bhav.csv.zip)
2026-04-05 21:19:09,639 - WARNING -   [SKIP] Failed for 2024-11-01: 404 Not Found (Likely a holiday)
2026-04-05 21:19:10,141 - INFO - 
================================================================================
2026-04-05 21:19:10,141 - INFO - PROCESSING: 2024-11-04 (Monday)
2026-04-05 21:19:10,141 - INFO - ================================================================================
2026-04-05 21:19:10,141 - INFO - Downloading: 2024-11-04 (https://nsearchives.nseindia.com/content/historical/DERIVATIVES/2024/NOV/fo04NOV2024bhav.csv.zip)
2026-04-05 21:19:10,238 - WARNING -   [SKIP] Failed for 2024-11-04: 404 Not Found (Likely a holiday)
2026-04-05 21:19:10,739 - INFO - 
================================================================================
2026-04-05 21:19:10,739 - INFO - PROCESSING: 2024-11-05 (Tuesday)
2026-04-05 21:19:10,739 - INFO - ================================================================================
2026-04-05 21:19:10,739 - INFO - Downloading: 2024-11-05 (https://nsearchives.nseindia.com/content/historical/DERIVATIVES/2024/NOV/fo05NOV2024bhav.csv.zip)
2026-04-05 21:19:10,813 - WARNING -   [SKIP] Failed for 2024-11-05: 404 Not Found (Likely a holiday)
2026-04-05 21:19:11,314 - INFO - 
================================================================================
2026-04-05 21:19:11,314 - INFO - PROCESSING: 2024-11-06 (Wednesday)
2026-04-05 21:19:11,314 - INFO - ================================================================================
2026-04-05 21:19:11,314 - INFO - Downloading: 2024-11-06 (https://nsearchives.nseindia.com/content/historical/DERIVATIVES/2024/NOV/fo06NOV2024bhav.csv.zip)
2026-04-05 21:19:11,370 - WARNING -   [SKIP] Failed for 2024-11-06: 404 Not Found (Likely a holiday)
2026-04-05 21:19:11,872 - INFO - 
================================================================================
2026-04-05 21:19:11,872 - INFO - PROCESSING: 2024-11-07 (Thursday)
2026-04-05 21:19:11,872 - INFO - ================================================================================
2026-04-05 21:19:11,872 - INFO - Downloading: 2024-11-07 (https://nsearchives.nseindia.com/content/historical/DERIVATIVES/2024/NOV/fo07NOV2024bhav.csv.zip)
2026-04-05 21:19:11,933 - WARNING -   [SKIP] Failed for 2024-11-07: 404 Not Found (Likely a holiday)
2026-04-05 21:19:12,434 - INFO - 
================================================================================
2026-04-05 21:19:12,434 - INFO - PROCESSING: 2024-11-08 (Friday)
2026-04-05 21:19:12,434 - INFO - ================================================================================
2026-04-05 21:19:12,434 - INFO - Downloading: 2024-11-08 (https://nsearchives.nseindia.com/content/historical/DERIVATIVES/2024/NOV/fo08NOV2024bhav.csv.zip)
2026-04-05 21:19:12,493 - WARNING -   [SKIP] Failed for 2024-11-08: 404 Not Found (Likely a holiday)
2026-04-05 21:19:12,994 - INFO - 
================================================================================
2026-04-05 21:19:12,994 - INFO - PROCESSING: 2024-11-11 (Monday)
2026-04-05 21:19:12,994 - INFO - ================================================================================
2026-04-05 21:19:12,994 - INFO - Downloading: 2024-11-11 (https://nsearchives.nseindia.com/content/historical/DERIVATIVES/2024/NOV/fo11NOV2024bhav.csv.zip)
2026-04-05 21:19:13,050 - WARNING -   [SKIP] Failed for 2024-11-11: 404 Not Found (Likely a holiday)
2026-04-05 21:19:13,551 - INFO - 
================================================================================
2026-04-05 21:19:13,551 - INFO - PROCESSING: 2024-11-12 (Tuesday)
2026-04-05 21:19:13,551 - INFO - ================================================================================
2026-04-05 21:19:13,551 - INFO - Downloading: 2024-11-12 (https://nsearchives.nseindia.com/content/historical/DERIVATIVES/2024/NOV/fo12NOV2024bhav.csv.zip)
2026-04-05 21:19:13,608 - WARNING -   [SKIP] Failed for 2024-11-12: 404 Not Found (Likely a holiday)
2026-04-05 21:19:14,109 - INFO - 
================================================================================
2026-04-05 21:19:14,109 - INFO - PROCESSING: 2024-11-13 (Wednesday)
2026-04-05 21:19:14,109 - INFO - ================================================================================
2026-04-05 21:19:14,109 - INFO - Downloading: 2024-11-13 (https://nsearchives.nseindia.com/content/historical/DERIVATIVES/2024/NOV/fo13NOV2024bhav.csv.zip)
2026-04-05 21:19:14,185 - WARNING -   [SKIP] Failed for 2024-11-13: 404 Not Found (Likely a holiday)
2026-04-05 21:19:14,685 - INFO - 
================================================================================
2026-04-05 21:19:14,685 - INFO - PROCESSING: 2024-11-14 (Thursday)
2026-04-05 21:19:14,685 - INFO - ================================================================================
2026-04-05 21:19:14,686 - INFO - Downloading: 2024-11-14 (https://nsearchives.nseindia.com/content/historical/DERIVATIVES/2024/NOV/fo14NOV2024bhav.csv.zip)
2026-04-05 21:19:14,749 - WARNING -   [SKIP] Failed for 2024-11-14: 404 Not Found (Likely a holiday)
2026-04-05 21:19:15,250 - INFO - 
================================================================================
2026-04-05 21:19:15,250 - INFO - PROCESSING: 2024-11-15 (Friday)
2026-04-05 21:19:15,250 - INFO - ================================================================================
2026-04-05 21:19:15,250 - INFO - Downloading: 2024-11-15 (https://nsearchives.nseindia.com/content/historical/DERIVATIVES/2024/NOV/fo15NOV2024bhav.csv.zip)
2026-04-05 21:19:15,301 - WARNING -   [SKIP] Failed for 2024-11-15: 404 Not Found (Likely a holiday)
2026-04-05 21:19:15,802 - INFO - 
================================================================================
2026-04-05 21:19:15,802 - INFO - PROCESSING: 2024-11-18 (Monday)
2026-04-05 21:19:15,802 - INFO - ================================================================================
2026-04-05 21:19:15,802 - INFO - Downloading: 2024-11-18 (https://nsearchives.nseindia.com/content/historical/DERIVATIVES/2024/NOV/fo18NOV2024bhav.csv.zip)
2026-04-05 21:19:15,861 - WARNING -   [SKIP] Failed for 2024-11-18: 404 Not Found (Likely a holiday)
2026-04-05 21:19:16,362 - INFO - 
================================================================================
2026-04-05 21:19:16,362 - INFO - PROCESSING: 2024-11-19 (Tuesday)
2026-04-05 21:19:16,362 - INFO - ================================================================================
2026-04-05 21:19:16,362 - INFO - Downloading: 2024-11-19 (https://nsearchives.nseindia.com/content/historical/DERIVATIVES/2024/NOV/fo19NOV2024bhav.csv.zip)
2026-04-05 21:19:16,441 - WARNING -   [SKIP] Failed for 2024-11-19: 404 Not Found (Likely a holiday)
2026-04-05 21:19:16,941 - INFO - 
================================================================================
2026-04-05 21:19:16,941 - INFO - PROCESSING: 2024-11-20 (Wednesday)
2026-04-05 21:19:16,941 - INFO - ================================================================================
2026-04-05 21:19:16,941 - INFO - Downloading: 2024-11-20 (https://nsearchives.nseindia.com/content/historical/DERIVATIVES/2024/NOV/fo20NOV2024bhav.csv.zip)
2026-04-05 21:19:17,014 - WARNING -   [SKIP] Failed for 2024-11-20: 404 Not Found (Likely a holiday)
2026-04-05 21:19:17,514 - INFO - 
================================================================================
2026-04-05 21:19:17,514 - INFO - PROCESSING: 2024-11-21 (Thursday)
2026-04-05 21:19:17,514 - INFO - ================================================================================
2026-04-05 21:19:17,514 - INFO - Downloading: 2024-11-21 (https://nsearchives.nseindia.com/content/historical/DERIVATIVES/2024/NOV/fo21NOV2024bhav.csv.zip)
2026-04-05 21:19:17,567 - WARNING -   [SKIP] Failed for 2024-11-21: 404 Not Found (Likely a holiday)
2026-04-05 21:19:18,068 - INFO - 
================================================================================
2026-04-05 21:19:18,068 - INFO - PROCESSING: 2024-11-22 (Friday)
2026-04-05 21:19:18,068 - INFO - ================================================================================
2026-04-05 21:19:18,068 - INFO - Downloading: 2024-11-22 (https://nsearchives.nseindia.com/content/historical/DERIVATIVES/2024/NOV/fo22NOV2024bhav.csv.zip)
2026-04-05 21:19:18,119 - WARNING -   [SKIP] Failed for 2024-11-22: 404 Not Found (Likely a holiday)
2026-04-05 21:19:18,620 - INFO - 
================================================================================
2026-04-05 21:19:18,620 - INFO - PROCESSING: 2024-11-25 (Monday)
2026-04-05 21:19:18,620 - INFO - ================================================================================
2026-04-05 21:19:18,620 - INFO - Downloading: 2024-11-25 (https://nsearchives.nseindia.com/content/historical/DERIVATIVES/2024/NOV/fo25NOV2024bhav.csv.zip)
2026-04-05 21:19:18,684 - WARNING -   [SKIP] Failed for 2024-11-25: 404 Not Found (Likely a holiday)
2026-04-05 21:19:19,185 - INFO - 
================================================================================
2026-04-05 21:19:19,185 - INFO - PROCESSING: 2024-11-26 (Tuesday)
2026-04-05 21:19:19,185 - INFO - ================================================================================
2026-04-05 21:19:19,185 - INFO - Downloading: 2024-11-26 (https://nsearchives.nseindia.com/content/historical/DERIVATIVES/2024/NOV/fo26NOV2024bhav.csv.zip)
2026-04-05 21:19:19,261 - WARNING -   [SKIP] Failed for 2024-11-26: 404 Not Found (Likely a holiday)
2026-04-05 21:19:19,762 - INFO - 
================================================================================
2026-04-05 21:19:19,762 - INFO - PROCESSING: 2024-11-27 (Wednesday)
2026-04-05 21:19:19,762 - INFO - ================================================================================
2026-04-05 21:19:19,762 - INFO - Downloading: 2024-11-27 (https://nsearchives.nseindia.com/content/historical/DERIVATIVES/2024/NOV/fo27NOV2024bhav.csv.zip)
2026-04-05 21:19:19,819 - WARNING -   [SKIP] Failed for 2024-11-27: 404 Not Found (Likely a holiday)
2026-04-05 21:19:20,320 - INFO - 
================================================================================
2026-04-05 21:19:20,320 - INFO - PROCESSING: 2024-11-28 (Thursday)
2026-04-05 21:19:20,320 - INFO - ================================================================================
2026-04-05 21:19:20,320 - INFO - Downloading: 2024-11-28 (https://nsearchives.nseindia.com/content/historical/DERIVATIVES/2024/NOV/fo28NOV2024bhav.csv.zip)
2026-04-05 21:19:20,371 - WARNING -   [SKIP] Failed for 2024-11-28: 404 Not Found (Likely a holiday)
2026-04-05 21:19:20,872 - INFO - 
================================================================================
2026-04-05 21:19:20,872 - INFO - PROCESSING: 2024-11-29 (Friday)
2026-04-05 21:19:20,872 - INFO - ================================================================================
2026-04-05 21:19:20,872 - INFO - Downloading: 2024-11-29 (https://nsearchives.nseindia.com/content/historical/DERIVATIVES/2024/NOV/fo29NOV2024bhav.csv.zip)
2026-04-05 21:19:20,934 - WARNING -   [SKIP] Failed for 2024-11-29: 404 Not Found (Likely a holiday)
2026-04-05 21:19:21,435 - INFO - 
================================================================================
2026-04-05 21:19:21,435 - INFO - SUMMARY
2026-04-05 21:19:21,435 - INFO - ================================================================================
2026-04-05 21:19:21,435 - INFO - Dates processed: 0
2026-04-05 21:19:21,435 - INFO - Total rows inserted: 0
2026-04-05 21:19:21,435 - INFO - Expected: ~833 rows for 1 months
2026-04-05 21:19:21,435 - INFO - ================================================================================
2026-04-05 21:19:21,435 - INFO - Log saved to: nifty_bhavcopy_loader.log
2026-04-05 21:19:21,435 - INFO - [OK] COMPLETE: Ready for validation queries
