2026-04-05 22:10:14,803 - INFO - ================================================================================
2026-04-05 22:10:14,804 - INFO - KITE API - NIFTY WEEKLY OPTIONS DATA
2026-04-05 22:10:14,804 - INFO - ================================================================================
2026-04-05 22:10:14,804 - INFO - [OK] 8 Nifty weekly contracts loaded
2026-04-05 22:10:14,804 - INFO - [OK] Sample data for 2 days loaded
2026-04-05 22:10:14,919 - INFO - [OK] Connected to nifty_sensex_options
2026-04-05 22:10:14,919 - INFO - 
================================================================================
2026-04-05 22:10:14,919 - INFO - Processing: 2026-04-01 (Spot: 24600)
2026-04-05 22:10:14,920 - INFO - ================================================================================
2026-04-05 22:10:14,921 - INFO - 
================================================================================
2026-04-05 22:10:14,921 - INFO - Processing: 2026-04-02 (Spot: 24500)
2026-04-05 22:10:14,921 - INFO - ================================================================================
2026-04-05 22:10:14,921 - INFO - 
================================================================================
2026-04-05 22:10:14,921 - INFO - SUMMARY
2026-04-05 22:10:14,921 - INFO - ================================================================================
2026-04-05 22:10:14,921 - INFO - Total records inserted: 0
2026-04-05 22:10:14,921 - INFO - Log saved to: kite_fetch_nifty_options.log
2026-04-05 22:10:14,921 - INFO - [OK] Kite integration complete!
