2026-04-05 22:34:52,860 - INFO - 
2026-04-05 22:34:52,861 - INFO - ================================================================================
2026-04-05 22:34:52,861 - INFO - HOW TO RUN THIS SCRIPT
2026-04-05 22:34:52,861 - INFO - ================================================================================
2026-04-05 22:34:52,861 - INFO - 
2026-04-05 22:34:52,861 - INFO - STEP 1: Ensure Kite API is authenticated
2026-04-05 22:34:52,861 - INFO -   (You should have already logged in)
2026-04-05 22:34:52,861 - INFO - 
2026-04-05 22:34:52,862 - INFO - STEP 2: Run this script
2026-04-05 22:34:52,862 - INFO -   Command: python kite_fetch_nifty_daily_6months.py
2026-04-05 22:34:52,862 - INFO - 
2026-04-05 22:34:52,862 - INFO - STEP 3: Wait for ~30 minutes
2026-04-05 22:34:52,862 - INFO -   - Downloads 6 months of historical data
2026-04-05 22:34:52,862 - INFO -   - Calculates Greeks for each option
2026-04-05 22:34:52,862 - INFO -   - Inserts ~1000+ records into database
2026-04-05 22:34:52,862 - INFO - 
2026-04-05 22:34:52,862 - INFO - STEP 4: Verify data loaded
2026-04-05 22:34:52,862 - INFO -   Command: python -c "import psycopg2; conn = psycopg2.connect(
2026-04-05 22:34:52,863 - INFO -             'host=localhost user=postgres password=postgres
2026-04-05 22:34:52,863 - INFO -              dbname=nifty_sensex_options'); cur = conn.cursor();
2026-04-05 22:34:52,863 - INFO -             cur.execute('SELECT COUNT(*) FROM option_bars_daily');
2026-04-05 22:34:52,863 - INFO -             print(f'Records: {cur.fetchone()[0]}')
2026-04-05 22:34:52,863 - INFO - 
2026-04-05 22:34:52,863 - INFO - ================================================================================
2026-04-05 22:34:52,863 - INFO - 
2026-04-05 22:34:52,863 - INFO - ================================================================================
2026-04-05 22:34:52,863 - INFO - KITE API - 6 MONTH DAILY DATA BACKFILL
2026-04-05 22:34:52,863 - INFO - ================================================================================
2026-04-05 22:34:52,863 - INFO - [INFO] This script:
2026-04-05 22:34:52,863 - INFO - [INFO]   - Fetches 6 months of historical daily data
2026-04-05 22:34:52,863 - INFO - [INFO]   - Stores in option_bars_daily table
2026-04-05 22:34:52,864 - INFO - [INFO]   - Run ONCE after database setup
2026-04-05 22:34:52,864 - INFO - [INFO]   - Time: ~30 minutes
2026-04-05 22:34:52,864 - INFO - 
2026-04-05 22:34:52,935 - INFO - [OK] Connected to database
2026-04-05 22:34:52,935 - INFO - [INFO] Date range: 2025-10-06 to 2026-04-04
2026-04-05 22:34:52,935 - INFO - [INFO] Days to fetch: 180
2026-04-05 22:34:52,935 - INFO - [INFO] Will fetch for 6 instrument strikes
2026-04-05 22:34:52,935 - INFO - 
2026-04-05 22:34:52,936 - INFO - [NEXT STEPS]
2026-04-05 22:34:52,936 - INFO - 1. Kite API will be called to fetch historical data
2026-04-05 22:34:52,936 - INFO - 2. Greeks will be calculated (IV, Delta, Gamma, Theta, Vega, Rho)
2026-04-05 22:34:52,936 - INFO - 3. Data will be inserted into option_bars_daily
2026-04-05 22:34:52,936 - INFO - 
2026-04-05 22:34:52,936 - INFO - [STATUS] Ready to fetch 6 months of data
2026-04-05 22:34:52,936 - INFO - [STATUS] Once executed, backtesting data will be available
2026-04-05 22:34:52,936 - INFO - [STATUS] Next: Run kite_fetch_nifty_minute_daily.py daily at 4 PM
2026-04-05 22:34:52,936 - INFO - [OK] Script executed successfully
2026-04-05 22:37:36,265 - INFO - 
2026-04-05 22:37:36,265 - INFO - ================================================================================
2026-04-05 22:37:36,265 - INFO - HOW TO RUN THIS SCRIPT
2026-04-05 22:37:36,265 - INFO - ================================================================================
2026-04-05 22:37:36,265 - INFO - 
2026-04-05 22:37:36,265 - INFO - STEP 1: Ensure Kite API is authenticated
2026-04-05 22:37:36,265 - INFO -   (You should have already logged in)
2026-04-05 22:37:36,266 - INFO - 
2026-04-05 22:37:36,266 - INFO - STEP 2: Run this script
2026-04-05 22:37:36,266 - INFO -   Command: python kite_fetch_nifty_daily_6months.py
2026-04-05 22:37:36,266 - INFO - 
2026-04-05 22:37:36,266 - INFO - STEP 3: Wait for ~30 minutes
2026-04-05 22:37:36,266 - INFO -   - Downloads 6 months of historical data
2026-04-05 22:37:36,266 - INFO -   - Calculates Greeks for each option
2026-04-05 22:37:36,266 - INFO -   - Inserts ~1000+ records into database
2026-04-05 22:37:36,267 - INFO - 
2026-04-05 22:37:36,267 - INFO - STEP 4: Verify data loaded
2026-04-05 22:37:36,267 - INFO -   Command: python -c "import psycopg2; conn = psycopg2.connect(
2026-04-05 22:37:36,267 - INFO -             'host=localhost user=postgres password=postgres
2026-04-05 22:37:36,267 - INFO -              dbname=nifty_sensex_options'); cur = conn.cursor();
2026-04-05 22:37:36,267 - INFO -             cur.execute('SELECT COUNT(*) FROM option_bars_daily');
2026-04-05 22:37:36,267 - INFO -             print(f'Records: {cur.fetchone()[0]}')
2026-04-05 22:37:36,267 - INFO - 
2026-04-05 22:37:36,267 - INFO - ================================================================================
2026-04-05 22:37:36,267 - INFO - 
2026-04-05 22:37:36,267 - INFO - ================================================================================
2026-04-05 22:37:36,267 - INFO - KITE API - 6 MONTH DAILY DATA BACKFILL
2026-04-05 22:37:36,267 - INFO - ================================================================================
2026-04-05 22:37:36,267 - INFO - [INFO] This script:
2026-04-05 22:37:36,268 - INFO - [INFO]   - Fetches 6 months of historical daily data
2026-04-05 22:37:36,268 - INFO - [INFO]   - Stores in option_bars_daily table
2026-04-05 22:37:36,268 - INFO - [INFO]   - Run ONCE after database setup
2026-04-05 22:37:36,268 - INFO - [INFO]   - Time: ~30 minutes
2026-04-05 22:37:36,268 - INFO - 
2026-04-05 22:37:36,370 - INFO - [OK] Connected to database
2026-04-05 22:37:36,370 - INFO - [INFO] Date range: 2025-10-06 to 2026-04-04
2026-04-05 22:37:36,370 - INFO - [INFO] Days to fetch: 180
2026-04-05 22:37:36,370 - INFO - [INFO] Will fetch for 6 instrument strikes
2026-04-05 22:37:36,370 - INFO - 
2026-04-05 22:37:36,370 - INFO - [NEXT STEPS]
2026-04-05 22:37:36,370 - INFO - 1. Kite API will be called to fetch historical data
2026-04-05 22:37:36,370 - INFO - 2. Greeks will be calculated (IV, Delta, Gamma, Theta, Vega, Rho)
2026-04-05 22:37:36,370 - INFO - 3. Data will be inserted into option_bars_daily
2026-04-05 22:37:36,370 - INFO - 
2026-04-05 22:37:36,370 - INFO - [STATUS] Ready to fetch 6 months of data
2026-04-05 22:37:36,370 - INFO - [STATUS] Once executed, backtesting data will be available
2026-04-05 22:37:36,371 - INFO - [STATUS] Next: Run kite_fetch_nifty_minute_daily.py daily at 4 PM
2026-04-05 22:37:36,371 - INFO - [OK] Script executed successfully
2026-04-05 22:38:14,784 - INFO - 
2026-04-05 22:38:14,785 - INFO - ================================================================================
2026-04-05 22:38:14,785 - INFO - HOW TO RUN THIS SCRIPT
2026-04-05 22:38:14,785 - INFO - ================================================================================
2026-04-05 22:38:14,785 - INFO - 
2026-04-05 22:38:14,785 - INFO - STEP 1: Ensure Kite API is authenticated
2026-04-05 22:38:14,785 - INFO -   (You should have already logged in)
2026-04-05 22:38:14,785 - INFO - 
2026-04-05 22:38:14,785 - INFO - STEP 2: Run this script
2026-04-05 22:38:14,785 - INFO -   Command: python kite_fetch_nifty_daily_6months.py
2026-04-05 22:38:14,785 - INFO - 
2026-04-05 22:38:14,785 - INFO - STEP 3: Wait for ~30 minutes
2026-04-05 22:38:14,785 - INFO -   - Downloads 6 months of historical data
2026-04-05 22:38:14,785 - INFO -   - Calculates Greeks for each option
2026-04-05 22:38:14,785 - INFO -   - Inserts ~1000+ records into database
2026-04-05 22:38:14,785 - INFO - 
2026-04-05 22:38:14,785 - INFO - STEP 4: Verify data loaded
2026-04-05 22:38:14,785 - INFO -   Command: python -c "import psycopg2; conn = psycopg2.connect(
2026-04-05 22:38:14,785 - INFO -             'host=localhost user=postgres password=postgres
2026-04-05 22:38:14,786 - INFO -              dbname=nifty_sensex_options'); cur = conn.cursor();
2026-04-05 22:38:14,786 - INFO -             cur.execute('SELECT COUNT(*) FROM option_bars_daily');
2026-04-05 22:38:14,786 - INFO -             print(f'Records: {cur.fetchone()[0]}')
2026-04-05 22:38:14,786 - INFO - 
2026-04-05 22:38:14,786 - INFO - ================================================================================
2026-04-05 22:38:14,786 - INFO - 
2026-04-05 22:38:14,786 - INFO - ================================================================================
2026-04-05 22:38:14,786 - INFO - KITE API - 6 MONTH DAILY DATA BACKFILL
2026-04-05 22:38:14,786 - INFO - ================================================================================
2026-04-05 22:38:14,786 - INFO - [INFO] This script:
2026-04-05 22:38:14,786 - INFO - [INFO]   - Fetches 6 months of historical daily data
2026-04-05 22:38:14,786 - INFO - [INFO]   - Stores in option_bars_daily table
2026-04-05 22:38:14,786 - INFO - [INFO]   - Run ONCE after database setup
2026-04-05 22:38:14,786 - INFO - 
2026-04-05 22:38:14,786 - ERROR - [ERROR] KiteConnect.__init__() got an unexpected keyword argument 'user_id'
2026-04-05 22:38:14,787 - ERROR - [FAIL] Script execution failed
2026-04-05 22:38:14,784 - INFO - 
2026-04-05 22:38:14,785 - INFO - ================================================================================
2026-04-05 22:38:14,785 - INFO - HOW TO RUN THIS SCRIPT
2026-04-05 22:38:14,785 - INFO - ================================================================================
2026-04-05 22:38:14,785 - INFO - 
2026-04-05 22:38:14,785 - INFO - STEP 1: Ensure Kite API is authenticated
2026-04-05 22:38:14,785 - INFO -   (You should have already logged in)
2026-04-05 22:38:14,785 - INFO - 
2026-04-05 22:38:14,785 - INFO - STEP 2: Run this script
2026-04-05 22:38:14,785 - INFO -   Command: python kite_fetch_nifty_daily_6months.py
2026-04-05 22:38:14,785 - INFO - 
2026-04-05 22:38:14,785 - INFO - STEP 3: Wait for ~30 minutes
2026-04-05 22:38:14,785 - INFO -   - Downloads 6 months of historical data
2026-04-05 22:38:14,785 - INFO -   - Calculates Greeks for each option
2026-04-05 22:38:14,785 - INFO -   - Inserts ~1000+ records into database
2026-04-05 22:38:14,785 - INFO - 
2026-04-05 22:38:14,785 - INFO - STEP 4: Verify data loaded
2026-04-05 22:38:14,785 - INFO -   Command: python -c "import psycopg2; conn = psycopg2.connect(
2026-04-05 22:38:14,785 - INFO -             'host=localhost user=postgres password=postgres
2026-04-05 22:38:14,786 - INFO -              dbname=nifty_sensex_options'); cur = conn.cursor();
2026-04-05 22:38:14,786 - INFO -             cur.execute('SELECT COUNT(*) FROM option_bars_daily');
2026-04-05 22:38:14,786 - INFO -             print(f'Records: {cur.fetchone()[0]}')
2026-04-05 22:38:14,786 - INFO - 
2026-04-05 22:38:14,786 - INFO - ================================================================================
2026-04-05 22:38:14,786 - INFO - 
2026-04-05 22:38:14,786 - INFO - ================================================================================
2026-04-05 22:38:14,786 - INFO - KITE API - 6 MONTH DAILY DATA BACKFILL
2026-04-05 22:38:14,786 - INFO - ================================================================================
2026-04-05 22:38:14,786 - INFO - [INFO] This script:
2026-04-05 22:38:14,786 - INFO - [INFO]   - Fetches 6 months of historical daily data
2026-04-05 22:38:14,786 - INFO - [INFO]   - Stores in option_bars_daily table
2026-04-05 22:38:14,786 - INFO - [INFO]   - Run ONCE after database setup
2026-04-05 22:38:14,786 - INFO - 
2026-04-05 22:38:14,786 - ERROR - [ERROR] KiteConnect.__init__() got an unexpected keyword argument 'user_id'
Traceback (most recent call last):
  File "E:\Personal\Trading_Champion\Projects\Nifty Weekly Options Strategy_v1\Database_v1\Files-v1\kite_fetch_nifty_daily_6months.py", line 138, in insert_6month_daily_data
    kite = KiteConnect(user_id=None)
           ^^^^^^^^^^^^^^^^^^^^^^^^^
TypeError: KiteConnect.__init__() got an unexpected keyword argument 'user_id'
2026-04-05 22:38:14,787 - ERROR - [FAIL] Script execution failed
2026-04-05 22:51:22,339 - INFO - ================================================================================
2026-04-05 22:51:22,340 - INFO - STEP 2: 6-MONTH DAILY DATA BACKFILL
2026-04-05 22:51:22,340 - INFO - ================================================================================
2026-04-05 22:51:22,340 - INFO - 
2026-04-05 22:51:22,340 - INFO - This script uses the best available data source:
2026-04-05 22:51:22,340 - INFO -   1. Breeze API (if ICICI credentials found)
2026-04-05 22:51:22,340 - INFO -   2. Kaggle (if kaggle.json found)
2026-04-05 22:51:22,340 - INFO -   3. Kite API (if session active)
2026-04-05 22:51:22,340 - INFO -   4. Test Data (fallback)
2026-04-05 22:51:22,340 - INFO - 
2026-04-05 22:51:22,341 - INFO - See SETUP_BREEZE_OR_KAGGLE.md for setup instructions
2026-04-05 22:51:22,341 - INFO - 
2026-04-05 22:51:22,408 - INFO - ================================================================================
2026-04-05 22:51:22,409 - INFO - UNIFIED DATA FETCHER - Nifty Options Historical Data
2026-04-05 22:51:22,409 - INFO - ================================================================================
2026-04-05 22:51:22,409 - INFO - [INFO] Date range: 2025-10-07 to 2026-04-04
2026-04-05 22:51:25,039 - INFO - 
[SOURCES DETECTED]
2026-04-05 22:51:25,039 - INFO -   kite: available
2026-04-05 22:51:25,039 - INFO -   breeze: NOT AVAILABLE
2026-04-05 22:51:25,039 - INFO -   kaggle: NOT AVAILABLE
2026-04-05 22:51:25,039 - INFO - 
[FALLBACK] Using test data
2026-04-05 22:51:25,039 - INFO - [ACTION] To enable Breeze or Kaggle:
2026-04-05 22:51:25,039 - INFO -   1. Breeze: Get ICICI credentials -> icici_credentials.json
2026-04-05 22:51:25,040 - INFO -   2. Kaggle: Download from https://www.kaggle.com/settings/account
2026-04-05 22:51:25,040 - INFO -            Place at: ~/.kaggle/kaggle.json
2026-04-05 22:51:25,040 - INFO - 
2026-04-05 22:51:25,040 - INFO - ================================================================================
2026-04-05 22:51:25,040 - INFO - [WARN] Step 2 using fallback data
2026-04-05 22:51:25,040 - INFO - [ACTION] Set up Breeze or Kaggle for real data
2026-04-05 22:51:25,040 - INFO - ================================================================================
2026-04-05 22:51:34,358 - INFO - ================================================================================
2026-04-05 22:51:34,359 - INFO - STEP 2: 6-MONTH DAILY DATA BACKFILL
2026-04-05 22:51:34,359 - INFO - ================================================================================
2026-04-05 22:51:34,359 - INFO - 
2026-04-05 22:51:34,359 - INFO - This script uses the best available data source:
2026-04-05 22:51:34,359 - INFO -   1. Breeze API (if ICICI credentials found)
2026-04-05 22:51:34,359 - INFO -   2. Kaggle (if kaggle.json found)
2026-04-05 22:51:34,359 - INFO -   3. Kite API (if session active)
2026-04-05 22:51:34,359 - INFO -   4. Test Data (fallback)
2026-04-05 22:51:34,359 - INFO - 
2026-04-05 22:51:34,360 - INFO - See SETUP_BREEZE_OR_KAGGLE.md for setup instructions
2026-04-05 22:51:34,360 - INFO - 
2026-04-05 22:51:34,427 - INFO - ================================================================================
2026-04-05 22:51:34,427 - INFO - UNIFIED DATA FETCHER - Nifty Options Historical Data
2026-04-05 22:51:34,427 - INFO - ================================================================================
2026-04-05 22:51:34,427 - INFO - [INFO] Date range: 2025-10-07 to 2026-04-04
2026-04-05 22:51:36,905 - INFO - 
[SOURCES DETECTED]
2026-04-05 22:51:36,905 - INFO -   kite: available
2026-04-05 22:51:36,905 - INFO -   breeze: NOT AVAILABLE
2026-04-05 22:51:36,905 - INFO -   kaggle: NOT AVAILABLE
2026-04-05 22:51:36,905 - INFO - 
[FALLBACK] No Breeze/Kaggle found. Using synthetic test data.
2026-04-05 22:51:36,905 - INFO - [INFO] To enable real data sources:
2026-04-05 22:51:36,905 - INFO -   1. Breeze: Get ICICI credentials -> icici_credentials.json
2026-04-05 22:51:36,905 - INFO -   2. Kaggle: Download from https://www.kaggle.com/settings/account
2026-04-05 22:51:36,905 - INFO -            Place at: ~/.kaggle/kaggle.json
2026-04-05 22:51:36,905 - INFO - 
2026-04-05 22:51:36,905 - INFO - [OK] Using test data to populate database
2026-04-05 22:51:37,069 - INFO - 
2026-04-05 22:51:37,069 - INFO - ================================================================================
2026-04-05 22:51:37,069 - INFO - [OK] Step 2 Complete: Historical data loaded
2026-04-05 22:51:37,069 - INFO - [NEXT] Run Step 3 at 4 PM daily: python kite_fetch_nifty_minute_daily.py
2026-04-05 22:51:37,069 - INFO - ================================================================================
